Could not open input file: /home/home/Desktop/vue-laravel/artisan/artisan
Could not open input file: /home/home/Desktop/vue-laravel/artisan/artisan
Could not open input file: /home/home/Desktop/vue-laravel/artisan/artisan
Could not open input file: /home/home/Desktop/vue-laravel/artisan/artisan
Could not open input file: /home/home/Desktop/vue-laravel/artisan/artisan
Could not open input file: /home/home/Desktop/vue-laravel/artisan/artisan
Could not open input file: /home/home/Desktop/vue-laravel/artisan/artisan
Could not open input file: /home/home/Desktop/vue-laravel/artisan/artisan
[2019-05-21 07:47:17][3] Processing: App\Jobs\SendEmail
[2019-05-21 07:47:17][3] Processed:  App\Jobs\SendEmail
[2019-05-21 08:53:36][4] Processing: App\Jobs\SendEmail
[2019-05-21 08:53:36][4] Processed:  App\Jobs\SendEmail
[2019-05-21 08:54:39][5] Processing: App\Jobs\SendEmail
[2019-05-21 08:54:39][5] Processed:  App\Jobs\SendEmail
[2019-05-21 08:56:30][6] Processing: App\Jobs\SendEmail
[2019-05-21 08:56:30][6] Processed:  App\Jobs\SendEmail
[2019-05-21 09:00:30][7] Processing: App\Jobs\SendEmail
[2019-05-21 09:00:30][7] Processed:  App\Jobs\SendEmail
[2019-05-21 09:25:56][8] Processing: App\Jobs\SendEmail
[2019-05-21 09:25:56][8] Processed:  App\Jobs\SendEmail
[2019-05-21 09:27:11][9] Processing: App\Jobs\SendEmail
[2019-05-21 09:27:11][9] Processed:  App\Jobs\SendEmail
[2019-05-21 09:27:59][10] Processing: App\Jobs\SendEmail
[2019-05-21 09:27:59][10] Processed:  App\Jobs\SendEmail
[2019-05-21 09:28:50][11] Processing: App\Jobs\SendEmail
[2019-05-21 09:28:50][11] Processed:  App\Jobs\SendEmail
[2019-05-21 09:29:20][12] Processing: App\Jobs\SendEmail
[2019-05-21 09:29:20][12] Processed:  App\Jobs\SendEmail
[2019-05-21 09:29:50][13] Processing: App\Jobs\SendEmail
[2019-05-21 09:29:50][13] Processed:  App\Jobs\SendEmail
[2019-05-21 09:31:14][14] Processing: App\Jobs\SendEmail
[2019-05-21 09:31:14][14] Processed:  App\Jobs\SendEmail
[2019-05-21 09:31:50][15] Processing: App\Jobs\SendEmail
[2019-05-21 09:31:50][15] Processed:  App\Jobs\SendEmail
[2019-05-21 09:35:59][16] Processing: App\Jobs\SendEmail
[2019-05-21 09:35:59][16] Processed:  App\Jobs\SendEmail
[2019-05-21 09:36:26][17] Processing: App\Jobs\SendEmail
[2019-05-21 09:36:26][17] Processed:  App\Jobs\SendEmail
[2019-05-21 09:37:26][18] Processing: App\Jobs\SendEmail
[2019-05-21 09:37:26][18] Processed:  App\Jobs\SendEmail
[2019-05-21 09:38:38][19] Processing: App\Jobs\SendEmail
[2019-05-21 09:38:38][19] Processed:  App\Jobs\SendEmail
[2019-05-21 09:39:36][20] Processing: App\Jobs\SendEmail
[2019-05-21 09:39:36][20] Processed:  App\Jobs\SendEmail
[2019-05-21 09:40:18][21] Processing: App\Jobs\SendEmail
[2019-05-21 09:40:18][21] Processed:  App\Jobs\SendEmail
[2019-05-21 09:43:12][22] Processing: App\Jobs\SendEmail
[2019-05-21 09:43:12][22] Processed:  App\Jobs\SendEmail
[2019-05-21 09:44:45][23] Processing: App\Jobs\SendEmail
[2019-05-21 09:44:45][23] Processed:  App\Jobs\SendEmail
[2019-05-21 09:46:51][24] Processing: App\Jobs\SendEmail
[2019-05-21 09:46:51][24] Processed:  App\Jobs\SendEmail
[2019-05-21 09:47:06][25] Processing: App\Jobs\SendEmail
[2019-05-21 09:47:06][25] Processed:  App\Jobs\SendEmail
[2019-05-21 09:47:54][26] Processing: App\Jobs\SendEmail
[2019-05-21 09:47:54][26] Processed:  App\Jobs\SendEmail
[2019-05-21 09:48:49][27] Processing: App\Jobs\SendEmail
[2019-05-21 09:48:49][27] Processed:  App\Jobs\SendEmail
[2019-05-21 09:49:25][28] Processing: App\Jobs\SendEmail
[2019-05-21 09:49:25][28] Processed:  App\Jobs\SendEmail
[2019-05-21 09:51:37][29] Processing: App\Jobs\SendEmail
[2019-05-21 09:51:37][29] Processed:  App\Jobs\SendEmail
[2019-05-21 09:51:49][30] Processing: App\Jobs\SendEmail
[2019-05-21 09:51:49][30] Processed:  App\Jobs\SendEmail
[2019-05-21 09:52:34][31] Processing: App\Jobs\SendEmail
[2019-05-21 09:52:34][31] Processed:  App\Jobs\SendEmail
[2019-05-21 09:52:58][32] Processing: App\Jobs\SendEmail
[2019-05-21 09:52:58][32] Processed:  App\Jobs\SendEmail
[2019-05-21 09:53:22][33] Processing: App\Jobs\SendEmail
[2019-05-21 09:53:22][33] Processed:  App\Jobs\SendEmail
[2019-05-21 09:54:52][34] Processing: App\Jobs\SendEmail
[2019-05-21 09:54:52][34] Processed:  App\Jobs\SendEmail
[2019-05-21 09:56:31][35] Processing: App\Jobs\SendEmail
[2019-05-21 09:56:31][35] Processed:  App\Jobs\SendEmail
[2019-05-21 09:59:58][36] Processing: App\Jobs\SendEmail
[2019-05-21 09:59:58][36] Processed:  App\Jobs\SendEmail
[2019-05-21 10:02:53][37] Processing: App\Jobs\SendEmail
[2019-05-21 10:02:53][37] Processed:  App\Jobs\SendEmail
[2019-05-21 10:04:14][38] Processing: App\Jobs\SendEmail
[2019-05-21 10:04:14][38] Processed:  App\Jobs\SendEmail
[2019-05-21 10:04:50][39] Processing: App\Jobs\SendEmail
[2019-05-21 10:04:50][39] Processed:  App\Jobs\SendEmail
[2019-05-21 10:06:11][40] Processing: App\Jobs\SendEmail
[2019-05-21 10:06:11][40] Processed:  App\Jobs\SendEmail
[2019-05-21 10:08:44][41] Processing: App\Jobs\SendEmail
[2019-05-21 10:08:44][41] Processed:  App\Jobs\SendEmail
[2019-05-21 10:10:35][42] Processing: App\Jobs\SendEmail
[2019-05-21 10:10:35][42] Processed:  App\Jobs\SendEmail
[2019-05-21 10:14:51][43] Processing: App\Jobs\SendEmail
[2019-05-21 10:14:54][43] Processed:  App\Jobs\SendEmail
[2019-05-21 10:15:12][44] Processing: App\Jobs\SendEmail
[2019-05-21 10:15:14][44] Processed:  App\Jobs\SendEmail
[2019-05-21 10:17:50][45] Processing: App\Jobs\SendEmail
[2019-05-21 10:17:52][45] Processed:  App\Jobs\SendEmail
[2019-05-21 10:18:13][46] Processing: App\Jobs\SendEmail
[2019-05-21 10:18:15][46] Processed:  App\Jobs\SendEmail
[2019-05-21 10:22:34][47] Processing: App\Jobs\SendEmail
[2019-05-21 10:22:36][47] Processed:  App\Jobs\SendEmail
[2019-05-21 10:23:09][48] Processing: App\Jobs\SendEmail
[2019-05-21 10:23:11][48] Processed:  App\Jobs\SendEmail
[2019-05-21 10:23:35][49] Processing: App\Jobs\SendEmail
[2019-05-21 10:23:37][49] Processed:  App\Jobs\SendEmail
[2019-05-21 10:36:46][50] Processing: App\Events\CommentEvent
[2019-05-21 10:36:47][50] Processed:  App\Events\CommentEvent
[2019-05-21 10:37:14][51] Processing: App\Events\CommentEvent
[2019-05-21 10:37:14][51] Processed:  App\Events\CommentEvent
[2019-05-21 10:46:08][52] Processing: App\Events\CommentEvent
[2019-05-21 10:46:08][52] Processed:  App\Events\CommentEvent
[2019-05-21 10:47:14][53] Processing: App\Events\CommentEvent
[2019-05-21 10:47:14][53] Processed:  App\Events\CommentEvent
[2019-05-21 10:51:53][54] Processing: App\Events\CommentEvent
[2019-05-21 10:51:53][54] Processed:  App\Events\CommentEvent
[2019-05-21 10:58:06][55] Processing: App\Events\CommentEvent
[2019-05-21 10:58:06][55] Processed:  App\Events\CommentEvent
[2019-05-21 10:58:09][56] Processing: App\Jobs\SendEmail
[2019-05-21 10:58:12][56] Processed:  App\Jobs\SendEmail
[2019-05-21 11:00:03][57] Processing: App\Events\CommentEvent
[2019-05-21 11:00:03][57] Processed:  App\Events\CommentEvent
[2019-05-21 11:00:06][58] Processing: App\Jobs\SendEmail
[2019-05-21 11:00:08][58] Processed:  App\Jobs\SendEmail
[2019-05-21 11:00:59][59] Processing: App\Events\CommentEvent
[2019-05-21 11:00:59][59] Processed:  App\Events\CommentEvent
[2019-05-21 11:01:02][60] Processing: App\Jobs\SendEmail
[2019-05-21 11:01:04][60] Processed:  App\Jobs\SendEmail
[2019-05-21 11:02:28][61] Processing: App\Events\CommentEvent
[2019-05-21 11:02:28][61] Processed:  App\Events\CommentEvent
[2019-05-21 11:02:31][62] Processing: App\Jobs\SendEmail
[2019-05-21 11:02:33][62] Processed:  App\Jobs\SendEmail
[2019-05-21 11:02:57][63] Processing: App\Events\CommentEvent
[2019-05-21 11:02:57][63] Processed:  App\Events\CommentEvent
[2019-05-21 11:03:00][64] Processing: App\Jobs\SendEmail
[2019-05-21 11:03:02][64] Processed:  App\Jobs\SendEmail
[2019-05-21 11:03:56][65] Processing: App\Events\CommentEvent
[2019-05-21 11:03:56][65] Processed:  App\Events\CommentEvent
[2019-05-21 11:03:59][66] Processing: App\Jobs\SendEmail
[2019-05-21 11:04:01][66] Processed:  App\Jobs\SendEmail
[2019-05-21 11:07:44][67] Processing: App\Events\CommentEvent
[2019-05-21 11:07:44][67] Processed:  App\Events\CommentEvent
[2019-05-21 11:10:05][68] Processing: App\Events\CommentEvent
[2019-05-21 11:10:05][68] Processed:  App\Events\CommentEvent
[2019-05-21 11:10:08][69] Processing: App\Jobs\SendEmail
[2019-05-21 11:10:10][69] Processed:  App\Jobs\SendEmail
[2019-05-21 11:19:43][78] Processing: App\Events\CommentEvent
[2019-05-21 11:19:43][78] Processed:  App\Events\CommentEvent
[2019-05-21 11:19:46][79] Processing: App\Jobs\SendEmail
[2019-05-21 11:19:48][79] Processed:  App\Jobs\SendEmail
[2019-05-21 11:19:54][80] Processing: App\Events\CommentEvent
[2019-05-21 11:19:54][80] Processed:  App\Events\CommentEvent
[2019-05-21 11:19:57][81] Processing: App\Jobs\SendEmail
[2019-05-21 11:19:59][81] Processed:  App\Jobs\SendEmail
[2019-05-21 11:36:42][82] Processing: App\Events\CommentEvent
[2019-05-21 11:36:42][82] Processed:  App\Events\CommentEvent
[2019-05-21 11:36:45][83] Processing: App\Jobs\SendEmail
[2019-05-21 11:36:47][83] Processed:  App\Jobs\SendEmail
[2019-05-21 11:36:47][84] Processing: App\Jobs\SendEmail
[2019-05-21 11:36:49][84] Processed:  App\Jobs\SendEmail
[2019-05-21 11:36:49][85] Processing: App\Jobs\SendEmail
[2019-05-21 11:36:51][85] Processed:  App\Jobs\SendEmail
[2019-05-21 11:36:51][86] Processing: App\Jobs\SendEmail
[2019-05-21 11:36:53][86] Processed:  App\Jobs\SendEmail
[2019-05-22 15:06:52][1] Processing: App\Events\CommentEvent
[2019-05-22 15:06:53][1] Processed:  App\Events\CommentEvent
[2019-05-22 15:06:56][2] Processing: App\Jobs\SendEmail
[2019-05-22 15:06:56][3] Processing: App\Jobs\SendEmail
[2019-05-22 15:06:56][4] Processing: App\Jobs\SendEmail
[2019-05-22 15:06:56][5] Processing: App\Jobs\SendEmail
[2019-05-22 15:06:56][6] Processing: App\Jobs\SendEmail
[2019-05-22 15:06:56][7] Processing: App\Jobs\SendEmail
[2019-05-22 15:06:56][8] Processing: App\Jobs\SendEmail
[2019-05-22 15:06:56][9] Processing: App\Jobs\SendEmail
[2019-05-22 15:06:56][10] Processing: App\Jobs\SendEmail
[2019-05-22 15:06:56][11] Processing: App\Jobs\SendEmail
[2019-05-22 15:06:56][11] Failed:     App\Jobs\SendEmail
[2019-05-22 15:12:26][12] Processing: App\Events\CommentEvent
[2019-05-22 15:12:27][12] Processed:  App\Events\CommentEvent
[2019-05-22 15:12:30][13] Processing: App\Jobs\SendEmail
[2019-05-22 15:12:30][14] Processing: App\Jobs\SendEmail
[2019-05-22 15:12:32][14] Processed:  App\Jobs\SendEmail
[2019-05-22 15:12:32][15] Processing: App\Jobs\SendEmail
[2019-05-22 15:12:32][16] Processing: App\Jobs\SendEmail
[2019-05-22 15:12:32][17] Processing: App\Jobs\SendEmail
[2019-05-22 15:12:33][18] Processing: App\Jobs\SendEmail
[2019-05-22 15:12:33][19] Processing: App\Jobs\SendEmail
[2019-05-22 15:12:33][20] Processing: App\Jobs\SendEmail
[2019-05-22 15:12:33][21] Processing: App\Jobs\SendEmail
[2019-05-22 15:12:33][22] Processing: App\Jobs\SendEmail
[2019-05-22 15:12:33][23] Processing: App\Jobs\SendEmail
[2019-05-22 15:12:33][23] Failed:     App\Jobs\SendEmail
[2019-05-22 15:13:27][24] Processing: App\Events\CommentEvent
[2019-05-22 15:13:27][24] Processed:  App\Events\CommentEvent
[2019-05-22 15:13:30][25] Processing: App\Jobs\SendEmail
[2019-05-22 15:13:32][25] Processed:  App\Jobs\SendEmail
